top - 23:28:06 up 2 days, 13:37,  0 user,  load average: 1.37, 1.43, 1.51
Tasks:   3 total,   1 running,   2 sleeping,   0 stopped,   0 zombie
%Cpu(s):  0.0 us,  0.0 sy,  0.0 ni, 99.2 id,  0.8 wa,  0.0 hi,  0.0 si,  0.0 st 
MiB Mem :   7837.1 total,   6550.9 free,    935.8 used,    504.6 buff/cache     
MiB Swap:   1024.0 total,   1024.0 free,      0.0 used.   6901.2 avail Mem 

  PID USER      PR  NI    VIRT    RES    SHR S  %CPU  %MEM     TIME+ COMMAND
    1 root      20   0    4296   3196   2812 S   0.0   0.0   0:00.00 bash
    9 root      20   0    4296   3504   2992 S   0.0   0.0   0:00.03 bash
   26 root      20   0    8488   4360   2440 R   0.0   0.1   0:00.00 top
Filesystem      Size  Used Avail Use% Mounted on
overlay        1007G  4.5G  952G   1% /
tmpfs            64M     0   64M   0% /dev
shm              64M     0   64M   0% /dev/shm
/dev/vda1      1007G  4.5G  952G   1% /etc/hosts
tmpfs           3.9G     0  3.9G   0% /proc/scsi
tmpfs           3.9G     0  3.9G   0% /sys/firmware
0	/bin
4.0K	/boot
0	/dev
1.8M	/etc
20K	/home
0	/lib
4.0K	/lib.usr-is-merged
4.0K	/media
4.0K	/mnt
8.0K	/monitoring_logs
4.0K	/opt
0	/proc
32K	/root
96K	/run
0	/sbin
4.0K	/srv
0	/sys
4.0K	/tmp
234M	/usr
71M	/var
